Copyright 1986-2016 Xilinx, Inc. All Rights Reserved.
-----------------------------------------------------------------------------------------------------------------------------------------------------------------------------------
| Tool Version : Vivado v.2016.4 (lin64) Build 1756540 Mon Jan 23 19:11:19 MST 2017
| Date         : Fri Nov 17 15:47:41 2017
| Host         : ubuntu running 64-bit Ubuntu 14.04.5 LTS
| Command      : report_timing_summary -warn_on_violation -max_paths 10 -file lab8_elevator_control_timing_summary_routed.rpt -rpx lab8_elevator_control_timing_summary_routed.rpx
| Design       : lab8_elevator_control
| Device       : 7a35t-cpg236
| Speed File   : -1  PRODUCTION 1.16 2016-11-09
-----------------------------------------------------------------------------------------------------------------------------------------------------------------------------------

Timing Summary Report

------------------------------------------------------------------------------------------------
| Timer Settings
| --------------
------------------------------------------------------------------------------------------------

  Enable Multi Corner Analysis               :  Yes
  Enable Pessimism Removal                   :  Yes
  Pessimism Removal Resolution               :  Nearest Common Node
  Enable Input Delay Default Clock           :  No
  Enable Preset / Clear Arcs                 :  No
  Disable Flight Delays                      :  No
  Ignore I/O Paths                           :  No
  Timing Early Launch at Borrowing Latches   :  false

  Corner  Analyze    Analyze    
  Name    Max Paths  Min Paths  
  ------  ---------  ---------  
  Slow    Yes        Yes        
  Fast    Yes        Yes        



check_timing report

Table of Contents
-----------------
1. checking no_clock
2. checking constant_clock
3. checking pulse_width_clock
4. checking unconstrained_internal_endpoints
5. checking no_input_delay
6. checking no_output_delay
7. checking multiple_clock
8. checking generated_clocks
9. checking loops
10. checking partial_input_delay
11. checking partial_output_delay
12. checking latch_loops

1. checking no_clock
--------------------
 There are 2 register/latch pins with no clock driven by root clock pin: reset (HIGH)

 There are 104 register/latch pins with no clock driven by root clock pin: clock_modifier/ring_reg[14]/Q (HIGH)

 There are 18 register/latch pins with no clock driven by root clock pin: count_reg[2]/Q (HIGH)

 There is 1 register/latch pin with no clock driven by root clock pin: lift1_controller/lift_movement_reg[1]/Q (HIGH)

 There is 1 register/latch pin with no clock driven by root clock pin: lift2_controller/lift_movement_reg[1]/Q (HIGH)

 There is 1 register/latch pin with no clock driven by root clock pin: pulse5/pulse3/d1_reg/Q (HIGH)

 There is 1 register/latch pin with no clock driven by root clock pin: pulse5/pulse3/d2_reg/Q (HIGH)

 There is 1 register/latch pin with no clock driven by root clock pin: pulse5/pulse4/d1_reg/Q (HIGH)

 There is 1 register/latch pin with no clock driven by root clock pin: pulse5/pulse4/d2_reg/Q (HIGH)

 There are 42 register/latch pins with no clock driven by root clock pin: ten_clock/clk_reg/Q (HIGH)


2. checking constant_clock
--------------------------
 There are 0 register/latch pins with constant_clock.


3. checking pulse_width_clock
-----------------------------
 There are 0 register/latch pins which need pulse_width check


4. checking unconstrained_internal_endpoints
--------------------------------------------
 There are 296 pins that are not constrained for maximum delay. (HIGH)

 There are 0 pins that are not constrained for maximum delay due to constant clock.


5. checking no_input_delay
--------------------------
 There are 19 input ports with no input delay specified. (HIGH)

 There are 0 input ports with no input delay but user has a false path constraint.


6. checking no_output_delay
---------------------------
 There are 25 ports with no output delay specified. (HIGH)

 There are 0 ports with no output delay but user has a false path constraint

 There are 0 ports with no output delay but with a timing clock defined on it or propagating through it


7. checking multiple_clock
--------------------------
 There are 0 register/latch pins with multiple clocks.


8. checking generated_clocks
----------------------------
 There are 0 generated clocks that are not connected to a clock source.


9. checking loops
-----------------
 There are 0 combinational loops in the design.


10. checking partial_input_delay
--------------------------------
 There are 0 input ports with partial input delay specified.


11. checking partial_output_delay
---------------------------------
 There are 0 ports with partial output delay specified.


12. checking latch_loops
------------------------
 There are 0 combinational latch loops in the design through latch input



------------------------------------------------------------------------------------------------
| Design Timing Summary
| ---------------------
------------------------------------------------------------------------------------------------

    WNS(ns)      TNS(ns)  TNS Failing Endpoints  TNS Total Endpoints      WHS(ns)      THS(ns)  THS Failing Endpoints  THS Total Endpoints     WPWS(ns)     TPWS(ns)  TPWS Failing Endpoints  TPWS Total Endpoints  
    -------      -------  ---------------------  -------------------      -------      -------  ---------------------  -------------------     --------     --------  ----------------------  --------------------  
      5.209        0.000                      0                   79        0.215        0.000                      0                   79        4.500        0.000                       0                    49  


All user specified timing constraints are met.


------------------------------------------------------------------------------------------------
| Clock Summary
| -------------
------------------------------------------------------------------------------------------------

Clock        Waveform(ns)       Period(ns)      Frequency(MHz)
-----        ------------       ----------      --------------
sys_clk_pin  {0.000 5.000}      10.000          100.000         


------------------------------------------------------------------------------------------------
| Intra Clock Table
| -----------------
------------------------------------------------------------------------------------------------

Clock             WNS(ns)      TNS(ns)  TNS Failing Endpoints  TNS Total Endpoints      WHS(ns)      THS(ns)  THS Failing Endpoints  THS Total Endpoints     WPWS(ns)     TPWS(ns)  TPWS Failing Endpoints  TPWS Total Endpoints  
-----             -------      -------  ---------------------  -------------------      -------      -------  ---------------------  -------------------     --------     --------  ----------------------  --------------------  
sys_clk_pin         5.209        0.000                      0                   79        0.215        0.000                      0                   79        4.500        0.000                       0                    49  


------------------------------------------------------------------------------------------------
| Inter Clock Table
| -----------------
------------------------------------------------------------------------------------------------

From Clock    To Clock          WNS(ns)      TNS(ns)  TNS Failing Endpoints  TNS Total Endpoints      WHS(ns)      THS(ns)  THS Failing Endpoints  THS Total Endpoints  
----------    --------          -------      -------  ---------------------  -------------------      -------      -------  ---------------------  -------------------  


------------------------------------------------------------------------------------------------
| Other Path Groups Table
| -----------------------
------------------------------------------------------------------------------------------------

Path Group    From Clock    To Clock          WNS(ns)      TNS(ns)  TNS Failing Endpoints  TNS Total Endpoints      WHS(ns)      THS(ns)  THS Failing Endpoints  THS Total Endpoints  
----------    ----------    --------          -------      -------  ---------------------  -------------------      -------      -------  ---------------------  -------------------  


------------------------------------------------------------------------------------------------
| Timing Details
| --------------
------------------------------------------------------------------------------------------------


---------------------------------------------------------------------------------------------------
From Clock:  sys_clk_pin
  To Clock:  sys_clk_pin

Setup :            0  Failing Endpoints,  Worst Slack        5.209ns,  Total Violation        0.000ns
Hold  :            0  Failing Endpoints,  Worst Slack        0.215ns,  Total Violation        0.000ns
PW    :            0  Failing Endpoints,  Worst Slack        4.500ns,  Total Violation        0.000ns
---------------------------------------------------------------------------------------------------


Max Delay Paths
--------------------------------------------------------------------------------------
Slack (MET) :             5.209ns  (required time - arrival time)
  Source:                 ten_clock/count_reg[4]/C
                            (rising edge-triggered cell FDRE clocked by sys_clk_pin  {rise@0.000ns fall@5.000ns period=10.000ns})
  Destination:            ten_clock/count_reg[25]/R
                            (rising edge-triggered cell FDRE clocked by sys_clk_pin  {rise@0.000ns fall@5.000ns period=10.000ns})
  Path Group:             sys_clk_pin
  Path Type:              Setup (Max at Slow Process Corner)
  Requirement:            10.000ns  (sys_clk_pin rise@10.000ns - sys_clk_pin rise@0.000ns)
  Data Path Delay:        4.303ns  (logic 1.058ns (24.590%)  route 3.245ns (75.410%))
  Logic Levels:           3  (LUT4=2 LUT5=1)
  Clock Path Skew:        -0.024ns (DCD - SCD + CPR)
    Destination Clock Delay (DCD):    4.787ns = ( 14.787 - 10.000 ) 
    Source Clock Delay      (SCD):    5.086ns
    Clock Pessimism Removal (CPR):    0.275ns
  Clock Uncertainty:      0.035ns  ((TSJ^2 + TIJ^2)^1/2 + DJ) / 2 + PE
    Total System Jitter     (TSJ):    0.071ns
    Total Input Jitter      (TIJ):    0.000ns
    Discrete Jitter          (DJ):    0.000ns
    Phase Error              (PE):    0.000ns

    Location             Delay type                Incr(ns)  Path(ns)    Netlist Resource(s)
  -------------------------------------------------------------------    -------------------
                         (clock sys_clk_pin rise edge)
                                                      0.000     0.000 r  
    W5                                                0.000     0.000 r  clk (IN)
                         net (fo=0)                   0.000     0.000    clk
    W5                   IBUF (Prop_ibuf_I_O)         1.458     1.458 r  clk_IBUF_inst/O
                         net (fo=1, routed)           1.967     3.425    clk_IBUF
    BUFGCTRL_X0Y1        BUFG (Prop_bufg_I_O)         0.096     3.521 r  clk_IBUF_BUFG_inst/O
                         net (fo=48, routed)          1.565     5.086    ten_clock/clk_IBUF_BUFG
    SLICE_X36Y43         FDRE                                         r  ten_clock/count_reg[4]/C
  -------------------------------------------------------------------    -------------------
    SLICE_X36Y43         FDRE (Prop_fdre_C_Q)         0.456     5.542 f  ten_clock/count_reg[4]/Q
                         net (fo=2, routed)           0.812     6.354    ten_clock/count[4]
    SLICE_X37Y44         LUT4 (Prop_lut4_I1_O)        0.124     6.478 f  ten_clock/count[31]_i_8/O
                         net (fo=1, routed)           0.797     7.276    ten_clock/count[31]_i_8_n_0
    SLICE_X37Y43         LUT5 (Prop_lut5_I4_O)        0.152     7.428 f  ten_clock/count[31]_i_4/O
                         net (fo=2, routed)           0.726     8.154    ten_clock/count[31]_i_4_n_0
    SLICE_X37Y46         LUT4 (Prop_lut4_I2_O)        0.326     8.480 r  ten_clock/count[31]_i_1/O
                         net (fo=31, routed)          0.909     9.389    ten_clock/clk
    SLICE_X36Y49         FDRE                                         r  ten_clock/count_reg[25]/R
  -------------------------------------------------------------------    -------------------

                         (clock sys_clk_pin rise edge)
                                                     10.000    10.000 r  
    W5                                                0.000    10.000 r  clk (IN)
                         net (fo=0)                   0.000    10.000    clk
    W5                   IBUF (Prop_ibuf_I_O)         1.388    11.388 r  clk_IBUF_inst/O
                         net (fo=1, routed)           1.862    13.250    clk_IBUF
    BUFGCTRL_X0Y1        BUFG (Prop_bufg_I_O)         0.091    13.341 r  clk_IBUF_BUFG_inst/O
                         net (fo=48, routed)          1.446    14.787    ten_clock/clk_IBUF_BUFG
    SLICE_X36Y49         FDRE                                         r  ten_clock/count_reg[25]/C
                         clock pessimism              0.275    15.062    
                         clock uncertainty           -0.035    15.027    
    SLICE_X36Y49         FDRE (Setup_fdre_C_R)       -0.429    14.598    ten_clock/count_reg[25]
  -------------------------------------------------------------------
                         required time                         14.598    
                         arrival time                          -9.389    
  -------------------------------------------------------------------
                         slack                                  5.209    

Slack (MET) :             5.209ns  (required time - arrival time)
  Source:                 ten_clock/count_reg[4]/C
                            (rising edge-triggered cell FDRE clocked by sys_clk_pin  {rise@0.000ns fall@5.000ns period=10.000ns})
  Destination:            ten_clock/count_reg[26]/R
                            (rising edge-triggered cell FDRE clocked by sys_clk_pin  {rise@0.000ns fall@5.000ns period=10.000ns})
  Path Group:             sys_clk_pin
  Path Type:              Setup (Max at Slow Process Corner)
  Requirement:            10.000ns  (sys_clk_pin rise@10.000ns - sys_clk_pin rise@0.000ns)
  Data Path Delay:        4.303ns  (logic 1.058ns (24.590%)  route 3.245ns (75.410%))
  Logic Levels:           3  (LUT4=2 LUT5=1)
  Clock Path Skew:        -0.024ns (DCD - SCD + CPR)
    Destination Clock Delay (DCD):    4.787ns = ( 14.787 - 10.000 ) 
    Source Clock Delay      (SCD):    5.086ns
    Clock Pessimism Removal (CPR):    0.275ns
  Clock Uncertainty:      0.035ns  ((TSJ^2 + TIJ^2)^1/2 + DJ) / 2 + PE
    Total System Jitter     (TSJ):    0.071ns
    Total Input Jitter      (TIJ):    0.000ns
    Discrete Jitter          (DJ):    0.000ns
    Phase Error              (PE):    0.000ns

    Location             Delay type                Incr(ns)  Path(ns)    Netlist Resource(s)
  -------------------------------------------------------------------    -------------------
                         (clock sys_clk_pin rise edge)
                                                      0.000     0.000 r  
    W5                                                0.000     0.000 r  clk (IN)
                         net (fo=0)                   0.000     0.000    clk
    W5                   IBUF (Prop_ibuf_I_O)         1.458     1.458 r  clk_IBUF_inst/O
                         net (fo=1, routed)           1.967     3.425    clk_IBUF
    BUFGCTRL_X0Y1        BUFG (Prop_bufg_I_O)         0.096     3.521 r  clk_IBUF_BUFG_inst/O
                         net (fo=48, routed)          1.565     5.086    ten_clock/clk_IBUF_BUFG
    SLICE_X36Y43         FDRE                                         r  ten_clock/count_reg[4]/C
  -------------------------------------------------------------------    -------------------
    SLICE_X36Y43         FDRE (Prop_fdre_C_Q)         0.456     5.542 f  ten_clock/count_reg[4]/Q
                         net (fo=2, routed)           0.812     6.354    ten_clock/count[4]
    SLICE_X37Y44         LUT4 (Prop_lut4_I1_O)        0.124     6.478 f  ten_clock/count[31]_i_8/O
                         net (fo=1, routed)           0.797     7.276    ten_clock/count[31]_i_8_n_0
    SLICE_X37Y43         LUT5 (Prop_lut5_I4_O)        0.152     7.428 f  ten_clock/count[31]_i_4/O
                         net (fo=2, routed)           0.726     8.154    ten_clock/count[31]_i_4_n_0
    SLICE_X37Y46         LUT4 (Prop_lut4_I2_O)        0.326     8.480 r  ten_clock/count[31]_i_1/O
                         net (fo=31, routed)          0.909     9.389    ten_clock/clk
    SLICE_X36Y49         FDRE                                         r  ten_clock/count_reg[26]/R
  -------------------------------------------------------------------    -------------------

                         (clock sys_clk_pin rise edge)
                                                     10.000    10.000 r  
    W5                                                0.000    10.000 r  clk (IN)
                         net (fo=0)                   0.000    10.000    clk
    W5                   IBUF (Prop_ibuf_I_O)         1.388    11.388 r  clk_IBUF_inst/O
                         net (fo=1, routed)           1.862    13.250    clk_IBUF
    BUFGCTRL_X0Y1        BUFG (Prop_bufg_I_O)         0.091    13.341 r  clk_IBUF_BUFG_inst/O
                         net (fo=48, routed)          1.446    14.787    ten_clock/clk_IBUF_BUFG
    SLICE_X36Y49         FDRE                                         r  ten_clock/count_reg[26]/C
                         clock pessimism              0.275    15.062    
                         clock uncertainty           -0.035    15.027    
    SLICE_X36Y49         FDRE (Setup_fdre_C_R)       -0.429    14.598    ten_clock/count_reg[26]
  -------------------------------------------------------------------
                         required time                         14.598    
                         arrival time                          -9.389    
  -------------------------------------------------------------------
                         slack                                  5.209    

Slack (MET) :             5.209ns  (required time - arrival time)
  Source:                 ten_clock/count_reg[4]/C
                            (rising edge-triggered cell FDRE clocked by sys_clk_pin  {rise@0.000ns fall@5.000ns period=10.000ns})
  Destination:            ten_clock/count_reg[27]/R
                            (rising edge-triggered cell FDRE clocked by sys_clk_pin  {rise@0.000ns fall@5.000ns period=10.000ns})
  Path Group:             sys_clk_pin
  Path Type:              Setup (Max at Slow Process Corner)
  Requirement:            10.000ns  (sys_clk_pin rise@10.000ns - sys_clk_pin rise@0.000ns)
  Data Path Delay:        4.303ns  (logic 1.058ns (24.590%)  route 3.245ns (75.410%))
  Logic Levels:           3  (LUT4=2 LUT5=1)
  Clock Path Skew:        -0.024ns (DCD - SCD + CPR)
    Destination Clock Delay (DCD):    4.787ns = ( 14.787 - 10.000 ) 
    Source Clock Delay      (SCD):    5.086ns
    Clock Pessimism Removal (CPR):    0.275ns
  Clock Uncertainty:      0.035ns  ((TSJ^2 + TIJ^2)^1/2 + DJ) / 2 + PE
    Total System Jitter     (TSJ):    0.071ns
    Total Input Jitter      (TIJ):    0.000ns
    Discrete Jitter          (DJ):    0.000ns
    Phase Error              (PE):    0.000ns

    Location             Delay type                Incr(ns)  Path(ns)    Netlist Resource(s)
  -------------------------------------------------------------------    -------------------
                         (clock sys_clk_pin rise edge)
                                                      0.000     0.000 r  
    W5                                                0.000     0.000 r  clk (IN)
                         net (fo=0)                   0.000     0.000    clk
    W5                   IBUF (Prop_ibuf_I_O)         1.458     1.458 r  clk_IBUF_inst/O
                         net (fo=1, routed)           1.967     3.425    clk_IBUF
    BUFGCTRL_X0Y1        BUFG (Prop_bufg_I_O)         0.096     3.521 r  clk_IBUF_BUFG_inst/O
                         net (fo=48, routed)          1.565     5.086    ten_clock/clk_IBUF_BUFG
    SLICE_X36Y43         FDRE                                         r  ten_clock/count_reg[4]/C
  -------------------------------------------------------------------    -------------------
    SLICE_X36Y43         FDRE (Prop_fdre_C_Q)         0.456     5.542 f  ten_clock/count_reg[4]/Q
                         net (fo=2, routed)           0.812     6.354    ten_clock/count[4]
    SLICE_X37Y44         LUT4 (Prop_lut4_I1_O)        0.124     6.478 f  ten_clock/count[31]_i_8/O
                         net (fo=1, routed)           0.797     7.276    ten_clock/count[31]_i_8_n_0
    SLICE_X37Y43         LUT5 (Prop_lut5_I4_O)        0.152     7.428 f  ten_clock/count[31]_i_4/O
                         net (fo=2, routed)           0.726     8.154    ten_clock/count[31]_i_4_n_0
    SLICE_X37Y46         LUT4 (Prop_lut4_I2_O)        0.326     8.480 r  ten_clock/count[31]_i_1/O
                         net (fo=31, routed)          0.909     9.389    ten_clock/clk
    SLICE_X36Y49         FDRE                                         r  ten_clock/count_reg[27]/R
  -------------------------------------------------------------------    -------------------

                         (clock sys_clk_pin rise edge)
                                                     10.000    10.000 r  
    W5                                                0.000    10.000 r  clk (IN)
                         net (fo=0)                   0.000    10.000    clk
    W5                   IBUF (Prop_ibuf_I_O)         1.388    11.388 r  clk_IBUF_inst/O
                         net (fo=1, routed)           1.862    13.250    clk_IBUF
    BUFGCTRL_X0Y1        BUFG (Prop_bufg_I_O)         0.091    13.341 r  clk_IBUF_BUFG_inst/O
                         net (fo=48, routed)          1.446    14.787    ten_clock/clk_IBUF_BUFG
    SLICE_X36Y49         FDRE                                         r  ten_clock/count_reg[27]/C
                         clock pessimism              0.275    15.062    
                         clock uncertainty           -0.035    15.027    
    SLICE_X36Y49         FDRE (Setup_fdre_C_R)       -0.429    14.598    ten_clock/count_reg[27]
  -------------------------------------------------------------------
                         required time                         14.598    
                         arrival time                          -9.389    
  -------------------------------------------------------------------
                         slack                                  5.209    

Slack (MET) :             5.209ns  (required time - arrival time)
  Source:                 ten_clock/count_reg[4]/C
                            (rising edge-triggered cell FDRE clocked by sys_clk_pin  {rise@0.000ns fall@5.000ns period=10.000ns})
  Destination:            ten_clock/count_reg[28]/R
                            (rising edge-triggered cell FDRE clocked by sys_clk_pin  {rise@0.000ns fall@5.000ns period=10.000ns})
  Path Group:             sys_clk_pin
  Path Type:              Setup (Max at Slow Process Corner)
  Requirement:            10.000ns  (sys_clk_pin rise@10.000ns - sys_clk_pin rise@0.000ns)
  Data Path Delay:        4.303ns  (logic 1.058ns (24.590%)  route 3.245ns (75.410%))
  Logic Levels:           3  (LUT4=2 LUT5=1)
  Clock Path Skew:        -0.024ns (DCD - SCD + CPR)
    Destination Clock Delay (DCD):    4.787ns = ( 14.787 - 10.000 ) 
    Source Clock Delay      (SCD):    5.086ns
    Clock Pessimism Removal (CPR):    0.275ns
  Clock Uncertainty:      0.035ns  ((TSJ^2 + TIJ^2)^1/2 + DJ) / 2 + PE
    Total System Jitter     (TSJ):    0.071ns
    Total Input Jitter      (TIJ):    0.000ns
    Discrete Jitter          (DJ):    0.000ns
    Phase Error              (PE):    0.000ns

    Location             Delay type                Incr(ns)  Path(ns)    Netlist Resource(s)
  -------------------------------------------------------------------    -------------------
                         (clock sys_clk_pin rise edge)
                                                      0.000     0.000 r  
    W5                                                0.000     0.000 r  clk (IN)
                         net (fo=0)                   0.000     0.000    clk
    W5                   IBUF (Prop_ibuf_I_O)         1.458     1.458 r  clk_IBUF_inst/O
                         net (fo=1, routed)           1.967     3.425    clk_IBUF
    BUFGCTRL_X0Y1        BUFG (Prop_bufg_I_O)         0.096     3.521 r  clk_IBUF_BUFG_inst/O
                         net (fo=48, routed)          1.565     5.086    ten_clock/clk_IBUF_BUFG
    SLICE_X36Y43         FDRE                                         r  ten_clock/count_reg[4]/C
  -------------------------------------------------------------------    -------------------
    SLICE_X36Y43         FDRE (Prop_fdre_C_Q)         0.456     5.542 f  ten_clock/count_reg[4]/Q
                         net (fo=2, routed)           0.812     6.354    ten_clock/count[4]
    SLICE_X37Y44         LUT4 (Prop_lut4_I1_O)        0.124     6.478 f  ten_clock/count[31]_i_8/O
                         net (fo=1, routed)           0.797     7.276    ten_clock/count[31]_i_8_n_0
    SLICE_X37Y43         LUT5 (Prop_lut5_I4_O)        0.152     7.428 f  ten_clock/count[31]_i_4/O
                         net (fo=2, routed)           0.726     8.154    ten_clock/count[31]_i_4_n_0
    SLICE_X37Y46         LUT4 (Prop_lut4_I2_O)        0.326     8.480 r  ten_clock/count[31]_i_1/O
                         net (fo=31, routed)          0.909     9.389    ten_clock/clk
    SLICE_X36Y49         FDRE                                         r  ten_clock/count_reg[28]/R
  -------------------------------------------------------------------    -------------------

                         (clock sys_clk_pin rise edge)
                                                     10.000    10.000 r  
    W5                                                0.000    10.000 r  clk (IN)
                         net (fo=0)                   0.000    10.000    clk
    W5                   IBUF (Prop_ibuf_I_O)         1.388    11.388 r  clk_IBUF_inst/O
                         net (fo=1, routed)           1.862    13.250    clk_IBUF
    BUFGCTRL_X0Y1        BUFG (Prop_bufg_I_O)         0.091    13.341 r  clk_IBUF_BUFG_inst/O
                         net (fo=48, routed)          1.446    14.787    ten_clock/clk_IBUF_BUFG
    SLICE_X36Y49         FDRE                                         r  ten_clock/count_reg[28]/C
                         clock pessimism              0.275    15.062    
                         clock uncertainty           -0.035    15.027    
    SLICE_X36Y49         FDRE (Setup_fdre_C_R)       -0.429    14.598    ten_clock/count_reg[28]
  -------------------------------------------------------------------
                         required time                         14.598    
                         arrival time                          -9.389    
  -------------------------------------------------------------------
                         slack                                  5.209    

Slack (MET) :             5.285ns  (required time - arrival time)
  Source:                 ten_clock/count_reg[4]/C
                            (rising edge-triggered cell FDRE clocked by sys_clk_pin  {rise@0.000ns fall@5.000ns period=10.000ns})
  Destination:            ten_clock/count_reg[29]/R
                            (rising edge-triggered cell FDRE clocked by sys_clk_pin  {rise@0.000ns fall@5.000ns period=10.000ns})
  Path Group:             sys_clk_pin
  Path Type:              Setup (Max at Slow Process Corner)
  Requirement:            10.000ns  (sys_clk_pin rise@10.000ns - sys_clk_pin rise@0.000ns)
  Data Path Delay:        4.121ns  (logic 1.058ns (25.672%)  route 3.063ns (74.328%))
  Logic Levels:           3  (LUT4=2 LUT5=1)
  Clock Path Skew:        -0.130ns (DCD - SCD + CPR)
    Destination Clock Delay (DCD):    4.777ns = ( 14.777 - 10.000 ) 
    Source Clock Delay      (SCD):    5.086ns
    Clock Pessimism Removal (CPR):    0.180ns
  Clock Uncertainty:      0.035ns  ((TSJ^2 + TIJ^2)^1/2 + DJ) / 2 + PE
    Total System Jitter     (TSJ):    0.071ns
    Total Input Jitter      (TIJ):    0.000ns
    Discrete Jitter          (DJ):    0.000ns
    Phase Error              (PE):    0.000ns

    Location             Delay type                Incr(ns)  Path(ns)    Netlist Resource(s)
  -------------------------------------------------------------------    -------------------
                         (clock sys_clk_pin rise edge)
                                                      0.000     0.000 r  
    W5                                                0.000     0.000 r  clk (IN)
                         net (fo=0)                   0.000     0.000    clk
    W5                   IBUF (Prop_ibuf_I_O)         1.458     1.458 r  clk_IBUF_inst/O
                         net (fo=1, routed)           1.967     3.425    clk_IBUF
    BUFGCTRL_X0Y1        BUFG (Prop_bufg_I_O)         0.096     3.521 r  clk_IBUF_BUFG_inst/O
                         net (fo=48, routed)          1.565     5.086    ten_clock/clk_IBUF_BUFG
    SLICE_X36Y43         FDRE                                         r  ten_clock/count_reg[4]/C
  -------------------------------------------------------------------    -------------------
    SLICE_X36Y43         FDRE (Prop_fdre_C_Q)         0.456     5.542 f  ten_clock/count_reg[4]/Q
                         net (fo=2, routed)           0.812     6.354    ten_clock/count[4]
    SLICE_X37Y44         LUT4 (Prop_lut4_I1_O)        0.124     6.478 f  ten_clock/count[31]_i_8/O
                         net (fo=1, routed)           0.797     7.276    ten_clock/count[31]_i_8_n_0
    SLICE_X37Y43         LUT5 (Prop_lut5_I4_O)        0.152     7.428 f  ten_clock/count[31]_i_4/O
                         net (fo=2, routed)           0.726     8.154    ten_clock/count[31]_i_4_n_0
    SLICE_X37Y46         LUT4 (Prop_lut4_I2_O)        0.326     8.480 r  ten_clock/count[31]_i_1/O
                         net (fo=31, routed)          0.728     9.208    ten_clock/clk
    SLICE_X36Y50         FDRE                                         r  ten_clock/count_reg[29]/R
  -------------------------------------------------------------------    -------------------

                         (clock sys_clk_pin rise edge)
                                                     10.000    10.000 r  
    W5                                                0.000    10.000 r  clk (IN)
                         net (fo=0)                   0.000    10.000    clk
    W5                   IBUF (Prop_ibuf_I_O)         1.388    11.388 r  clk_IBUF_inst/O
                         net (fo=1, routed)           1.862    13.250    clk_IBUF
    BUFGCTRL_X0Y1        BUFG (Prop_bufg_I_O)         0.091    13.341 r  clk_IBUF_BUFG_inst/O
                         net (fo=48, routed)          1.436    14.777    ten_clock/clk_IBUF_BUFG
    SLICE_X36Y50         FDRE                                         r  ten_clock/count_reg[29]/C
                         clock pessimism              0.180    14.957    
                         clock uncertainty           -0.035    14.921    
    SLICE_X36Y50         FDRE (Setup_fdre_C_R)       -0.429    14.492    ten_clock/count_reg[29]
  -------------------------------------------------------------------
                         required time                         14.492    
                         arrival time                          -9.208    
  -------------------------------------------------------------------
                         slack                                  5.285    

Slack (MET) :             5.285ns  (required time - arrival time)
  Source:                 ten_clock/count_reg[4]/C
                            (rising edge-triggered cell FDRE clocked by sys_clk_pin  {rise@0.000ns fall@5.000ns period=10.000ns})
  Destination:            ten_clock/count_reg[30]/R
                            (rising edge-triggered cell FDRE clocked by sys_clk_pin  {rise@0.000ns fall@5.000ns period=10.000ns})
  Path Group:             sys_clk_pin
  Path Type:              Setup (Max at Slow Process Corner)
  Requirement:            10.000ns  (sys_clk_pin rise@10.000ns - sys_clk_pin rise@0.000ns)
  Data Path Delay:        4.121ns  (logic 1.058ns (25.672%)  route 3.063ns (74.328%))
  Logic Levels:           3  (LUT4=2 LUT5=1)
  Clock Path Skew:        -0.130ns (DCD - SCD + CPR)
    Destination Clock Delay (DCD):    4.777ns = ( 14.777 - 10.000 ) 
    Source Clock Delay      (SCD):    5.086ns
    Clock Pessimism Removal (CPR):    0.180ns
  Clock Uncertainty:      0.035ns  ((TSJ^2 + TIJ^2)^1/2 + DJ) / 2 + PE
    Total System Jitter     (TSJ):    0.071ns
    Total Input Jitter      (TIJ):    0.000ns
    Discrete Jitter          (DJ):    0.000ns
    Phase Error              (PE):    0.000ns

    Location             Delay type                Incr(ns)  Path(ns)    Netlist Resource(s)
  -------------------------------------------------------------------    -------------------
                         (clock sys_clk_pin rise edge)
                                                      0.000     0.000 r  
    W5                                                0.000     0.000 r  clk (IN)
                         net (fo=0)                   0.000     0.000    clk
    W5                   IBUF (Prop_ibuf_I_O)         1.458     1.458 r  clk_IBUF_inst/O
                         net (fo=1, routed)           1.967     3.425    clk_IBUF
    BUFGCTRL_X0Y1        BUFG (Prop_bufg_I_O)         0.096     3.521 r  clk_IBUF_BUFG_inst/O
                         net (fo=48, routed)          1.565     5.086    ten_clock/clk_IBUF_BUFG
    SLICE_X36Y43         FDRE                                         r  ten_clock/count_reg[4]/C
  -------------------------------------------------------------------    -------------------
    SLICE_X36Y43         FDRE (Prop_fdre_C_Q)         0.456     5.542 f  ten_clock/count_reg[4]/Q
                         net (fo=2, routed)           0.812     6.354    ten_clock/count[4]
    SLICE_X37Y44         LUT4 (Prop_lut4_I1_O)        0.124     6.478 f  ten_clock/count[31]_i_8/O
                         net (fo=1, routed)           0.797     7.276    ten_clock/count[31]_i_8_n_0
    SLICE_X37Y43         LUT5 (Prop_lut5_I4_O)        0.152     7.428 f  ten_clock/count[31]_i_4/O
                         net (fo=2, routed)           0.726     8.154    ten_clock/count[31]_i_4_n_0
    SLICE_X37Y46         LUT4 (Prop_lut4_I2_O)        0.326     8.480 r  ten_clock/count[31]_i_1/O
                         net (fo=31, routed)          0.728     9.208    ten_clock/clk
    SLICE_X36Y50         FDRE                                         r  ten_clock/count_reg[30]/R
  -------------------------------------------------------------------    -------------------

                         (clock sys_clk_pin rise edge)
                                                     10.000    10.000 r  
    W5                                                0.000    10.000 r  clk (IN)
                         net (fo=0)                   0.000    10.000    clk
    W5                   IBUF (Prop_ibuf_I_O)         1.388    11.388 r  clk_IBUF_inst/O
                         net (fo=1, routed)           1.862    13.250    clk_IBUF
    BUFGCTRL_X0Y1        BUFG (Prop_bufg_I_O)         0.091    13.341 r  clk_IBUF_BUFG_inst/O
                         net (fo=48, routed)          1.436    14.777    ten_clock/clk_IBUF_BUFG
    SLICE_X36Y50         FDRE                                         r  ten_clock/count_reg[30]/C
                         clock pessimism              0.180    14.957    
                         clock uncertainty           -0.035    14.921    
    SLICE_X36Y50         FDRE (Setup_fdre_C_R)       -0.429    14.492    ten_clock/count_reg[30]
  -------------------------------------------------------------------
                         required time                         14.492    
                         arrival time                          -9.208    
  -------------------------------------------------------------------
                         slack                                  5.285    

Slack (MET) :             5.285ns  (required time - arrival time)
  Source:                 ten_clock/count_reg[4]/C
                            (rising edge-triggered cell FDRE clocked by sys_clk_pin  {rise@0.000ns fall@5.000ns period=10.000ns})
  Destination:            ten_clock/count_reg[31]/R
                            (rising edge-triggered cell FDRE clocked by sys_clk_pin  {rise@0.000ns fall@5.000ns period=10.000ns})
  Path Group:             sys_clk_pin
  Path Type:              Setup (Max at Slow Process Corner)
  Requirement:            10.000ns  (sys_clk_pin rise@10.000ns - sys_clk_pin rise@0.000ns)
  Data Path Delay:        4.121ns  (logic 1.058ns (25.672%)  route 3.063ns (74.328%))
  Logic Levels:           3  (LUT4=2 LUT5=1)
  Clock Path Skew:        -0.130ns (DCD - SCD + CPR)
    Destination Clock Delay (DCD):    4.777ns = ( 14.777 - 10.000 ) 
    Source Clock Delay      (SCD):    5.086ns
    Clock Pessimism Removal (CPR):    0.180ns
  Clock Uncertainty:      0.035ns  ((TSJ^2 + TIJ^2)^1/2 + DJ) / 2 + PE
    Total System Jitter     (TSJ):    0.071ns
    Total Input Jitter      (TIJ):    0.000ns
    Discrete Jitter          (DJ):    0.000ns
    Phase Error              (PE):    0.000ns

    Location             Delay type                Incr(ns)  Path(ns)    Netlist Resource(s)
  -------------------------------------------------------------------    -------------------
                         (clock sys_clk_pin rise edge)
                                                      0.000     0.000 r  
    W5                                                0.000     0.000 r  clk (IN)
                         net (fo=0)                   0.000     0.000    clk
    W5                   IBUF (Prop_ibuf_I_O)         1.458     1.458 r  clk_IBUF_inst/O
                         net (fo=1, routed)           1.967     3.425    clk_IBUF
    BUFGCTRL_X0Y1        BUFG (Prop_bufg_I_O)         0.096     3.521 r  clk_IBUF_BUFG_inst/O
                         net (fo=48, routed)          1.565     5.086    ten_clock/clk_IBUF_BUFG
    SLICE_X36Y43         FDRE                                         r  ten_clock/count_reg[4]/C
  -------------------------------------------------------------------    -------------------
    SLICE_X36Y43         FDRE (Prop_fdre_C_Q)         0.456     5.542 f  ten_clock/count_reg[4]/Q
                         net (fo=2, routed)           0.812     6.354    ten_clock/count[4]
    SLICE_X37Y44         LUT4 (Prop_lut4_I1_O)        0.124     6.478 f  ten_clock/count[31]_i_8/O
                         net (fo=1, routed)           0.797     7.276    ten_clock/count[31]_i_8_n_0
    SLICE_X37Y43         LUT5 (Prop_lut5_I4_O)        0.152     7.428 f  ten_clock/count[31]_i_4/O
                         net (fo=2, routed)           0.726     8.154    ten_clock/count[31]_i_4_n_0
    SLICE_X37Y46         LUT4 (Prop_lut4_I2_O)        0.326     8.480 r  ten_clock/count[31]_i_1/O
                         net (fo=31, routed)          0.728     9.208    ten_clock/clk
    SLICE_X36Y50         FDRE                                         r  ten_clock/count_reg[31]/R
  -------------------------------------------------------------------    -------------------

                         (clock sys_clk_pin rise edge)
                                                     10.000    10.000 r  
    W5                                                0.000    10.000 r  clk (IN)
                         net (fo=0)                   0.000    10.000    clk
    W5                   IBUF (Prop_ibuf_I_O)         1.388    11.388 r  clk_IBUF_inst/O
                         net (fo=1, routed)           1.862    13.250    clk_IBUF
    BUFGCTRL_X0Y1        BUFG (Prop_bufg_I_O)         0.091    13.341 r  clk_IBUF_BUFG_inst/O
                         net (fo=48, routed)          1.436    14.777    ten_clock/clk_IBUF_BUFG
    SLICE_X36Y50         FDRE                                         r  ten_clock/count_reg[31]/C
                         clock pessimism              0.180    14.957    
                         clock uncertainty           -0.035    14.921    
    SLICE_X36Y50         FDRE (Setup_fdre_C_R)       -0.429    14.492    ten_clock/count_reg[31]
  -------------------------------------------------------------------
                         required time                         14.492    
                         arrival time                          -9.208    
  -------------------------------------------------------------------
                         slack                                  5.285    

Slack (MET) :             5.347ns  (required time - arrival time)
  Source:                 ten_clock/count_reg[4]/C
                            (rising edge-triggered cell FDRE clocked by sys_clk_pin  {rise@0.000ns fall@5.000ns period=10.000ns})
  Destination:            ten_clock/count_reg[21]/R
                            (rising edge-triggered cell FDRE clocked by sys_clk_pin  {rise@0.000ns fall@5.000ns period=10.000ns})
  Path Group:             sys_clk_pin
  Path Type:              Setup (Max at Slow Process Corner)
  Requirement:            10.000ns  (sys_clk_pin rise@10.000ns - sys_clk_pin rise@0.000ns)
  Data Path Delay:        4.164ns  (logic 1.058ns (25.407%)  route 3.106ns (74.593%))
  Logic Levels:           3  (LUT4=2 LUT5=1)
  Clock Path Skew:        -0.024ns (DCD - SCD + CPR)
    Destination Clock Delay (DCD):    4.787ns = ( 14.787 - 10.000 ) 
    Source Clock Delay      (SCD):    5.086ns
    Clock Pessimism Removal (CPR):    0.275ns
  Clock Uncertainty:      0.035ns  ((TSJ^2 + TIJ^2)^1/2 + DJ) / 2 + PE
    Total System Jitter     (TSJ):    0.071ns
    Total Input Jitter      (TIJ):    0.000ns
    Discrete Jitter          (DJ):    0.000ns
    Phase Error              (PE):    0.000ns

    Location             Delay type                Incr(ns)  Path(ns)    Netlist Resource(s)
  -------------------------------------------------------------------    -------------------
                         (clock sys_clk_pin rise edge)
                                                      0.000     0.000 r  
    W5                                                0.000     0.000 r  clk (IN)
                         net (fo=0)                   0.000     0.000    clk
    W5                   IBUF (Prop_ibuf_I_O)         1.458     1.458 r  clk_IBUF_inst/O
                         net (fo=1, routed)           1.967     3.425    clk_IBUF
    BUFGCTRL_X0Y1        BUFG (Prop_bufg_I_O)         0.096     3.521 r  clk_IBUF_BUFG_inst/O
                         net (fo=48, routed)          1.565     5.086    ten_clock/clk_IBUF_BUFG
    SLICE_X36Y43         FDRE                                         r  ten_clock/count_reg[4]/C
  -------------------------------------------------------------------    -------------------
    SLICE_X36Y43         FDRE (Prop_fdre_C_Q)         0.456     5.542 f  ten_clock/count_reg[4]/Q
                         net (fo=2, routed)           0.812     6.354    ten_clock/count[4]
    SLICE_X37Y44         LUT4 (Prop_lut4_I1_O)        0.124     6.478 f  ten_clock/count[31]_i_8/O
                         net (fo=1, routed)           0.797     7.276    ten_clock/count[31]_i_8_n_0
    SLICE_X37Y43         LUT5 (Prop_lut5_I4_O)        0.152     7.428 f  ten_clock/count[31]_i_4/O
                         net (fo=2, routed)           0.726     8.154    ten_clock/count[31]_i_4_n_0
    SLICE_X37Y46         LUT4 (Prop_lut4_I2_O)        0.326     8.480 r  ten_clock/count[31]_i_1/O
                         net (fo=31, routed)          0.771     9.250    ten_clock/clk
    SLICE_X36Y48         FDRE                                         r  ten_clock/count_reg[21]/R
  -------------------------------------------------------------------    -------------------

                         (clock sys_clk_pin rise edge)
                                                     10.000    10.000 r  
    W5                                                0.000    10.000 r  clk (IN)
                         net (fo=0)                   0.000    10.000    clk
    W5                   IBUF (Prop_ibuf_I_O)         1.388    11.388 r  clk_IBUF_inst/O
                         net (fo=1, routed)           1.862    13.250    clk_IBUF
    BUFGCTRL_X0Y1        BUFG (Prop_bufg_I_O)         0.091    13.341 r  clk_IBUF_BUFG_inst/O
                         net (fo=48, routed)          1.446    14.787    ten_clock/clk_IBUF_BUFG
    SLICE_X36Y48         FDRE                                         r  ten_clock/count_reg[21]/C
                         clock pessimism              0.275    15.062    
                         clock uncertainty           -0.035    15.027    
    SLICE_X36Y48         FDRE (Setup_fdre_C_R)       -0.429    14.598    ten_clock/count_reg[21]
  -------------------------------------------------------------------
                         required time                         14.598    
                         arrival time                          -9.250    
  -------------------------------------------------------------------
                         slack                                  5.347    

Slack (MET) :             5.347ns  (required time - arrival time)
  Source:                 ten_clock/count_reg[4]/C
                            (rising edge-triggered cell FDRE clocked by sys_clk_pin  {rise@0.000ns fall@5.000ns period=10.000ns})
  Destination:            ten_clock/count_reg[22]/R
                            (rising edge-triggered cell FDRE clocked by sys_clk_pin  {rise@0.000ns fall@5.000ns period=10.000ns})
  Path Group:             sys_clk_pin
  Path Type:              Setup (Max at Slow Process Corner)
  Requirement:            10.000ns  (sys_clk_pin rise@10.000ns - sys_clk_pin rise@0.000ns)
  Data Path Delay:        4.164ns  (logic 1.058ns (25.407%)  route 3.106ns (74.593%))
  Logic Levels:           3  (LUT4=2 LUT5=1)
  Clock Path Skew:        -0.024ns (DCD - SCD + CPR)
    Destination Clock Delay (DCD):    4.787ns = ( 14.787 - 10.000 ) 
    Source Clock Delay      (SCD):    5.086ns
    Clock Pessimism Removal (CPR):    0.275ns
  Clock Uncertainty:      0.035ns  ((TSJ^2 + TIJ^2)^1/2 + DJ) / 2 + PE
    Total System Jitter     (TSJ):    0.071ns
    Total Input Jitter      (TIJ):    0.000ns
    Discrete Jitter          (DJ):    0.000ns
    Phase Error              (PE):    0.000ns

    Location             Delay type                Incr(ns)  Path(ns)    Netlist Resource(s)
  -------------------------------------------------------------------    -------------------
                         (clock sys_clk_pin rise edge)
                                                      0.000     0.000 r  
    W5                                                0.000     0.000 r  clk (IN)
                         net (fo=0)                   0.000     0.000    clk
    W5                   IBUF (Prop_ibuf_I_O)         1.458     1.458 r  clk_IBUF_inst/O
                         net (fo=1, routed)           1.967     3.425    clk_IBUF
    BUFGCTRL_X0Y1        BUFG (Prop_bufg_I_O)         0.096     3.521 r  clk_IBUF_BUFG_inst/O
                         net (fo=48, routed)          1.565     5.086    ten_clock/clk_IBUF_BUFG
    SLICE_X36Y43         FDRE                                         r  ten_clock/count_reg[4]/C
  -------------------------------------------------------------------    -------------------
    SLICE_X36Y43         FDRE (Prop_fdre_C_Q)         0.456     5.542 f  ten_clock/count_reg[4]/Q
                         net (fo=2, routed)           0.812     6.354    ten_clock/count[4]
    SLICE_X37Y44         LUT4 (Prop_lut4_I1_O)        0.124     6.478 f  ten_clock/count[31]_i_8/O
                         net (fo=1, routed)           0.797     7.276    ten_clock/count[31]_i_8_n_0
    SLICE_X37Y43         LUT5 (Prop_lut5_I4_O)        0.152     7.428 f  ten_clock/count[31]_i_4/O
                         net (fo=2, routed)           0.726     8.154    ten_clock/count[31]_i_4_n_0
    SLICE_X37Y46         LUT4 (Prop_lut4_I2_O)        0.326     8.480 r  ten_clock/count[31]_i_1/O
                         net (fo=31, routed)          0.771     9.250    ten_clock/clk
    SLICE_X36Y48         FDRE                                         r  ten_clock/count_reg[22]/R
  -------------------------------------------------------------------    -------------------

                         (clock sys_clk_pin rise edge)
                                                     10.000    10.000 r  
    W5                                                0.000    10.000 r  clk (IN)
                         net (fo=0)                   0.000    10.000    clk
    W5                   IBUF (Prop_ibuf_I_O)         1.388    11.388 r  clk_IBUF_inst/O
                         net (fo=1, routed)           1.862    13.250    clk_IBUF
    BUFGCTRL_X0Y1        BUFG (Prop_bufg_I_O)         0.091    13.341 r  clk_IBUF_BUFG_inst/O
                         net (fo=48, routed)          1.446    14.787    ten_clock/clk_IBUF_BUFG
    SLICE_X36Y48         FDRE                                         r  ten_clock/count_reg[22]/C
                         clock pessimism              0.275    15.062    
                         clock uncertainty           -0.035    15.027    
    SLICE_X36Y48         FDRE (Setup_fdre_C_R)       -0.429    14.598    ten_clock/count_reg[22]
  -------------------------------------------------------------------
                         required time                         14.598    
                         arrival time                          -9.250    
  -------------------------------------------------------------------
                         slack                                  5.347    

Slack (MET) :             5.347ns  (required time - arrival time)
  Source:                 ten_clock/count_reg[4]/C
                            (rising edge-triggered cell FDRE clocked by sys_clk_pin  {rise@0.000ns fall@5.000ns period=10.000ns})
  Destination:            ten_clock/count_reg[23]/R
                            (rising edge-triggered cell FDRE clocked by sys_clk_pin  {rise@0.000ns fall@5.000ns period=10.000ns})
  Path Group:             sys_clk_pin
  Path Type:              Setup (Max at Slow Process Corner)
  Requirement:            10.000ns  (sys_clk_pin rise@10.000ns - sys_clk_pin rise@0.000ns)
  Data Path Delay:        4.164ns  (logic 1.058ns (25.407%)  route 3.106ns (74.593%))
  Logic Levels:           3  (LUT4=2 LUT5=1)
  Clock Path Skew:        -0.024ns (DCD - SCD + CPR)
    Destination Clock Delay (DCD):    4.787ns = ( 14.787 - 10.000 ) 
    Source Clock Delay      (SCD):    5.086ns
    Clock Pessimism Removal (CPR):    0.275ns
  Clock Uncertainty:      0.035ns  ((TSJ^2 + TIJ^2)^1/2 + DJ) / 2 + PE
    Total System Jitter     (TSJ):    0.071ns
    Total Input Jitter      (TIJ):    0.000ns
    Discrete Jitter          (DJ):    0.000ns
    Phase Error              (PE):    0.000ns

    Location             Delay type                Incr(ns)  Path(ns)    Netlist Resource(s)
  -------------------------------------------------------------------    -------------------
                         (clock sys_clk_pin rise edge)
                                                      0.000     0.000 r  
    W5                                                0.000     0.000 r  clk (IN)
                         net (fo=0)                   0.000     0.000    clk
    W5                   IBUF (Prop_ibuf_I_O)         1.458     1.458 r  clk_IBUF_inst/O
                         net (fo=1, routed)           1.967     3.425    clk_IBUF
    BUFGCTRL_X0Y1        BUFG (Prop_bufg_I_O)         0.096     3.521 r  clk_IBUF_BUFG_inst/O
                         net (fo=48, routed)          1.565     5.086    ten_clock/clk_IBUF_BUFG
    SLICE_X36Y43         FDRE                                         r  ten_clock/count_reg[4]/C
  -------------------------------------------------------------------    -------------------
    SLICE_X36Y43         FDRE (Prop_fdre_C_Q)         0.456     5.542 f  ten_clock/count_reg[4]/Q
                         net (fo=2, routed)           0.812     6.354    ten_clock/count[4]
    SLICE_X37Y44         LUT4 (Prop_lut4_I1_O)        0.124     6.478 f  ten_clock/count[31]_i_8/O
                         net (fo=1, routed)           0.797     7.276    ten_clock/count[31]_i_8_n_0
    SLICE_X37Y43         LUT5 (Prop_lut5_I4_O)        0.152     7.428 f  ten_clock/count[31]_i_4/O
                         net (fo=2, routed)           0.726     8.154    ten_clock/count[31]_i_4_n_0
    SLICE_X37Y46         LUT4 (Prop_lut4_I2_O)        0.326     8.480 r  ten_clock/count[31]_i_1/O
                         net (fo=31, routed)          0.771     9.250    ten_clock/clk
    SLICE_X36Y48         FDRE                                         r  ten_clock/count_reg[23]/R
  -------------------------------------------------------------------    -------------------

                         (clock sys_clk_pin rise edge)
                                                     10.000    10.000 r  
    W5                                                0.000    10.000 r  clk (IN)
                         net (fo=0)                   0.000    10.000    clk
    W5                   IBUF (Prop_ibuf_I_O)         1.388    11.388 r  clk_IBUF_inst/O
                         net (fo=1, routed)           1.862    13.250    clk_IBUF
    BUFGCTRL_X0Y1        BUFG (Prop_bufg_I_O)         0.091    13.341 r  clk_IBUF_BUFG_inst/O
                         net (fo=48, routed)          1.446    14.787    ten_clock/clk_IBUF_BUFG
    SLICE_X36Y48         FDRE                                         r  ten_clock/count_reg[23]/C
                         clock pessimism              0.275    15.062    
                         clock uncertainty           -0.035    15.027    
    SLICE_X36Y48         FDRE (Setup_fdre_C_R)       -0.429    14.598    ten_clock/count_reg[23]
  -------------------------------------------------------------------
                         required time                         14.598    
                         arrival time                          -9.250    
  -------------------------------------------------------------------
                         slack                                  5.347    





Min Delay Paths
--------------------------------------------------------------------------------------
Slack (MET) :             0.215ns  (arrival time - required time)
  Source:                 ten_clock/count_reg[26]/C
                            (rising edge-triggered cell FDRE clocked by sys_clk_pin  {rise@0.000ns fall@5.000ns period=10.000ns})
  Destination:            ten_clock/count_reg[29]/D
                            (rising edge-triggered cell FDRE clocked by sys_clk_pin  {rise@0.000ns fall@5.000ns period=10.000ns})
  Path Group:             sys_clk_pin
  Path Type:              Hold (Min at Fast Process Corner)
  Requirement:            0.000ns  (sys_clk_pin rise@0.000ns - sys_clk_pin rise@0.000ns)
  Data Path Delay:        0.587ns  (logic 0.395ns (67.331%)  route 0.192ns (32.669%))
  Logic Levels:           2  (CARRY4=2)
  Clock Path Skew:        0.267ns (DCD - SCD - CPR)
    Destination Clock Delay (DCD):    1.958ns
    Source Clock Delay      (SCD):    1.447ns
    Clock Pessimism Removal (CPR):    0.244ns

    Location             Delay type                Incr(ns)  Path(ns)    Netlist Resource(s)
  -------------------------------------------------------------------    -------------------
                         (clock sys_clk_pin rise edge)
                                                      0.000     0.000 r  
    W5                                                0.000     0.000 r  clk (IN)
                         net (fo=0)                   0.000     0.000    clk
    W5                   IBUF (Prop_ibuf_I_O)         0.226     0.226 r  clk_IBUF_inst/O
                         net (fo=1, routed)           0.631     0.858    clk_IBUF
    BUFGCTRL_X0Y1        BUFG (Prop_bufg_I_O)         0.026     0.884 r  clk_IBUF_BUFG_inst/O
                         net (fo=48, routed)          0.564     1.447    ten_clock/clk_IBUF_BUFG
    SLICE_X36Y49         FDRE                                         r  ten_clock/count_reg[26]/C
  -------------------------------------------------------------------    -------------------
    SLICE_X36Y49         FDRE (Prop_fdre_C_Q)         0.141     1.588 r  ten_clock/count_reg[26]/Q
                         net (fo=2, routed)           0.191     1.779    ten_clock/count[26]
    SLICE_X36Y49         CARRY4 (Prop_carry4_S[1]_CO[3])
                                                      0.200     1.979 r  ten_clock/count0_carry__5/CO[3]
                         net (fo=1, routed)           0.001     1.980    ten_clock/count0_carry__5_n_0
    SLICE_X36Y50         CARRY4 (Prop_carry4_CI_O[0])
                                                      0.054     2.034 r  ten_clock/count0_carry__6/O[0]
                         net (fo=1, routed)           0.000     2.034    ten_clock/count0_carry__6_n_7
    SLICE_X36Y50         FDRE                                         r  ten_clock/count_reg[29]/D
  -------------------------------------------------------------------    -------------------

                         (clock sys_clk_pin rise edge)
                                                      0.000     0.000 r  
    W5                                                0.000     0.000 r  clk (IN)
                         net (fo=0)                   0.000     0.000    clk
    W5                   IBUF (Prop_ibuf_I_O)         0.414     0.414 r  clk_IBUF_inst/O
                         net (fo=1, routed)           0.685     1.099    clk_IBUF
    BUFGCTRL_X0Y1        BUFG (Prop_bufg_I_O)         0.029     1.128 r  clk_IBUF_BUFG_inst/O
                         net (fo=48, routed)          0.830     1.958    ten_clock/clk_IBUF_BUFG
    SLICE_X36Y50         FDRE                                         r  ten_clock/count_reg[29]/C
                         clock pessimism             -0.244     1.714    
    SLICE_X36Y50         FDRE (Hold_fdre_C_D)         0.105     1.819    ten_clock/count_reg[29]
  -------------------------------------------------------------------
                         required time                         -1.819    
                         arrival time                           2.034    
  -------------------------------------------------------------------
                         slack                                  0.215    

Slack (MET) :             0.226ns  (arrival time - required time)
  Source:                 ten_clock/count_reg[26]/C
                            (rising edge-triggered cell FDRE clocked by sys_clk_pin  {rise@0.000ns fall@5.000ns period=10.000ns})
  Destination:            ten_clock/count_reg[31]/D
                            (rising edge-triggered cell FDRE clocked by sys_clk_pin  {rise@0.000ns fall@5.000ns period=10.000ns})
  Path Group:             sys_clk_pin
  Path Type:              Hold (Min at Fast Process Corner)
  Requirement:            0.000ns  (sys_clk_pin rise@0.000ns - sys_clk_pin rise@0.000ns)
  Data Path Delay:        0.598ns  (logic 0.406ns (67.933%)  route 0.192ns (32.067%))
  Logic Levels:           2  (CARRY4=2)
  Clock Path Skew:        0.267ns (DCD - SCD - CPR)
    Destination Clock Delay (DCD):    1.958ns
    Source Clock Delay      (SCD):    1.447ns
    Clock Pessimism Removal (CPR):    0.244ns

    Location             Delay type                Incr(ns)  Path(ns)    Netlist Resource(s)
  -------------------------------------------------------------------    -------------------
                         (clock sys_clk_pin rise edge)
                                                      0.000     0.000 r  
    W5                                                0.000     0.000 r  clk (IN)
                         net (fo=0)                   0.000     0.000    clk
    W5                   IBUF (Prop_ibuf_I_O)         0.226     0.226 r  clk_IBUF_inst/O
                         net (fo=1, routed)           0.631     0.858    clk_IBUF
    BUFGCTRL_X0Y1        BUFG (Prop_bufg_I_O)         0.026     0.884 r  clk_IBUF_BUFG_inst/O
                         net (fo=48, routed)          0.564     1.447    ten_clock/clk_IBUF_BUFG
    SLICE_X36Y49         FDRE                                         r  ten_clock/count_reg[26]/C
  -------------------------------------------------------------------    -------------------
    SLICE_X36Y49         FDRE (Prop_fdre_C_Q)         0.141     1.588 r  ten_clock/count_reg[26]/Q
                         net (fo=2, routed)           0.191     1.779    ten_clock/count[26]
    SLICE_X36Y49         CARRY4 (Prop_carry4_S[1]_CO[3])
                                                      0.200     1.979 r  ten_clock/count0_carry__5/CO[3]
                         net (fo=1, routed)           0.001     1.980    ten_clock/count0_carry__5_n_0
    SLICE_X36Y50         CARRY4 (Prop_carry4_CI_O[2])
                                                      0.065     2.045 r  ten_clock/count0_carry__6/O[2]
                         net (fo=1, routed)           0.000     2.045    ten_clock/count0_carry__6_n_5
    SLICE_X36Y50         FDRE                                         r  ten_clock/count_reg[31]/D
  -------------------------------------------------------------------    -------------------

                         (clock sys_clk_pin rise edge)
                                                      0.000     0.000 r  
    W5                                                0.000     0.000 r  clk (IN)
                         net (fo=0)                   0.000     0.000    clk
    W5                   IBUF (Prop_ibuf_I_O)         0.414     0.414 r  clk_IBUF_inst/O
                         net (fo=1, routed)           0.685     1.099    clk_IBUF
    BUFGCTRL_X0Y1        BUFG (Prop_bufg_I_O)         0.029     1.128 r  clk_IBUF_BUFG_inst/O
                         net (fo=48, routed)          0.830     1.958    ten_clock/clk_IBUF_BUFG
    SLICE_X36Y50         FDRE                                         r  ten_clock/count_reg[31]/C
                         clock pessimism             -0.244     1.714    
    SLICE_X36Y50         FDRE (Hold_fdre_C_D)         0.105     1.819    ten_clock/count_reg[31]
  -------------------------------------------------------------------
                         required time                         -1.819    
                         arrival time                           2.045    
  -------------------------------------------------------------------
                         slack                                  0.226    

Slack (MET) :             0.251ns  (arrival time - required time)
  Source:                 ten_clock/count_reg[26]/C
                            (rising edge-triggered cell FDRE clocked by sys_clk_pin  {rise@0.000ns fall@5.000ns period=10.000ns})
  Destination:            ten_clock/count_reg[30]/D
                            (rising edge-triggered cell FDRE clocked by sys_clk_pin  {rise@0.000ns fall@5.000ns period=10.000ns})
  Path Group:             sys_clk_pin
  Path Type:              Hold (Min at Fast Process Corner)
  Requirement:            0.000ns  (sys_clk_pin rise@0.000ns - sys_clk_pin rise@0.000ns)
  Data Path Delay:        0.623ns  (logic 0.431ns (69.220%)  route 0.192ns (30.780%))
  Logic Levels:           2  (CARRY4=2)
  Clock Path Skew:        0.267ns (DCD - SCD - CPR)
    Destination Clock Delay (DCD):    1.958ns
    Source Clock Delay      (SCD):    1.447ns
    Clock Pessimism Removal (CPR):    0.244ns

    Location             Delay type                Incr(ns)  Path(ns)    Netlist Resource(s)
  -------------------------------------------------------------------    -------------------
                         (clock sys_clk_pin rise edge)
                                                      0.000     0.000 r  
    W5                                                0.000     0.000 r  clk (IN)
                         net (fo=0)                   0.000     0.000    clk
    W5                   IBUF (Prop_ibuf_I_O)         0.226     0.226 r  clk_IBUF_inst/O
                         net (fo=1, routed)           0.631     0.858    clk_IBUF
    BUFGCTRL_X0Y1        BUFG (Prop_bufg_I_O)         0.026     0.884 r  clk_IBUF_BUFG_inst/O
                         net (fo=48, routed)          0.564     1.447    ten_clock/clk_IBUF_BUFG
    SLICE_X36Y49         FDRE                                         r  ten_clock/count_reg[26]/C
  -------------------------------------------------------------------    -------------------
    SLICE_X36Y49         FDRE (Prop_fdre_C_Q)         0.141     1.588 r  ten_clock/count_reg[26]/Q
                         net (fo=2, routed)           0.191     1.779    ten_clock/count[26]
    SLICE_X36Y49         CARRY4 (Prop_carry4_S[1]_CO[3])
                                                      0.200     1.979 r  ten_clock/count0_carry__5/CO[3]
                         net (fo=1, routed)           0.001     1.980    ten_clock/count0_carry__5_n_0
    SLICE_X36Y50         CARRY4 (Prop_carry4_CI_O[1])
                                                      0.090     2.070 r  ten_clock/count0_carry__6/O[1]
                         net (fo=1, routed)           0.000     2.070    ten_clock/count0_carry__6_n_6
    SLICE_X36Y50         FDRE                                         r  ten_clock/count_reg[30]/D
  -------------------------------------------------------------------    -------------------

                         (clock sys_clk_pin rise edge)
                                                      0.000     0.000 r  
    W5                                                0.000     0.000 r  clk (IN)
                         net (fo=0)                   0.000     0.000    clk
    W5                   IBUF (Prop_ibuf_I_O)         0.414     0.414 r  clk_IBUF_inst/O
                         net (fo=1, routed)           0.685     1.099    clk_IBUF
    BUFGCTRL_X0Y1        BUFG (Prop_bufg_I_O)         0.029     1.128 r  clk_IBUF_BUFG_inst/O
                         net (fo=48, routed)          0.830     1.958    ten_clock/clk_IBUF_BUFG
    SLICE_X36Y50         FDRE                                         r  ten_clock/count_reg[30]/C
                         clock pessimism             -0.244     1.714    
    SLICE_X36Y50         FDRE (Hold_fdre_C_D)         0.105     1.819    ten_clock/count_reg[30]
  -------------------------------------------------------------------
                         required time                         -1.819    
                         arrival time                           2.070    
  -------------------------------------------------------------------
                         slack                                  0.251    

Slack (MET) :             0.252ns  (arrival time - required time)
  Source:                 clock_modifier/ring_reg[11]/C
                            (rising edge-triggered cell FDRE clocked by sys_clk_pin  {rise@0.000ns fall@5.000ns period=10.000ns})
  Destination:            clock_modifier/ring_reg[11]/D
                            (rising edge-triggered cell FDRE clocked by sys_clk_pin  {rise@0.000ns fall@5.000ns period=10.000ns})
  Path Group:             sys_clk_pin
  Path Type:              Hold (Min at Fast Process Corner)
  Requirement:            0.000ns  (sys_clk_pin rise@0.000ns - sys_clk_pin rise@0.000ns)
  Data Path Delay:        0.357ns  (logic 0.249ns (69.714%)  route 0.108ns (30.286%))
  Logic Levels:           1  (CARRY4=1)
  Clock Path Skew:        0.000ns (DCD - SCD - CPR)
    Destination Clock Delay (DCD):    1.958ns
    Source Clock Delay      (SCD):    1.445ns
    Clock Pessimism Removal (CPR):    0.513ns

    Location             Delay type                Incr(ns)  Path(ns)    Netlist Resource(s)
  -------------------------------------------------------------------    -------------------
                         (clock sys_clk_pin rise edge)
                                                      0.000     0.000 r  
    W5                                                0.000     0.000 r  clk (IN)
                         net (fo=0)                   0.000     0.000    clk
    W5                   IBUF (Prop_ibuf_I_O)         0.226     0.226 r  clk_IBUF_inst/O
                         net (fo=1, routed)           0.631     0.858    clk_IBUF
    BUFGCTRL_X0Y1        BUFG (Prop_bufg_I_O)         0.026     0.884 r  clk_IBUF_BUFG_inst/O
                         net (fo=48, routed)          0.562     1.445    clock_modifier/clk_IBUF_BUFG
    SLICE_X35Y45         FDRE                                         r  clock_modifier/ring_reg[11]/C
  -------------------------------------------------------------------    -------------------
    SLICE_X35Y45         FDRE (Prop_fdre_C_Q)         0.141     1.586 r  clock_modifier/ring_reg[11]/Q
                         net (fo=1, routed)           0.108     1.694    clock_modifier/ring_reg_n_0_[11]
    SLICE_X35Y45         CARRY4 (Prop_carry4_S[3]_O[3])
                                                      0.108     1.802 r  clock_modifier/ring_reg[8]_i_1/O[3]
                         net (fo=1, routed)           0.000     1.802    clock_modifier/ring_reg[8]_i_1_n_4
    SLICE_X35Y45         FDRE                                         r  clock_modifier/ring_reg[11]/D
  -------------------------------------------------------------------    -------------------

                         (clock sys_clk_pin rise edge)
                                                      0.000     0.000 r  
    W5                                                0.000     0.000 r  clk (IN)
                         net (fo=0)                   0.000     0.000    clk
    W5                   IBUF (Prop_ibuf_I_O)         0.414     0.414 r  clk_IBUF_inst/O
                         net (fo=1, routed)           0.685     1.099    clk_IBUF
    BUFGCTRL_X0Y1        BUFG (Prop_bufg_I_O)         0.029     1.128 r  clk_IBUF_BUFG_inst/O
                         net (fo=48, routed)          0.831     1.958    clock_modifier/clk_IBUF_BUFG
    SLICE_X35Y45         FDRE                                         r  clock_modifier/ring_reg[11]/C
                         clock pessimism             -0.513     1.445    
    SLICE_X35Y45         FDRE (Hold_fdre_C_D)         0.105     1.550    clock_modifier/ring_reg[11]
  -------------------------------------------------------------------
                         required time                         -1.550    
                         arrival time                           1.802    
  -------------------------------------------------------------------
                         slack                                  0.252    

Slack (MET) :             0.252ns  (arrival time - required time)
  Source:                 clock_modifier/ring_reg[3]/C
                            (rising edge-triggered cell FDRE clocked by sys_clk_pin  {rise@0.000ns fall@5.000ns period=10.000ns})
  Destination:            clock_modifier/ring_reg[3]/D
                            (rising edge-triggered cell FDRE clocked by sys_clk_pin  {rise@0.000ns fall@5.000ns period=10.000ns})
  Path Group:             sys_clk_pin
  Path Type:              Hold (Min at Fast Process Corner)
  Requirement:            0.000ns  (sys_clk_pin rise@0.000ns - sys_clk_pin rise@0.000ns)
  Data Path Delay:        0.357ns  (logic 0.249ns (69.714%)  route 0.108ns (30.286%))
  Logic Levels:           1  (CARRY4=1)
  Clock Path Skew:        0.000ns (DCD - SCD - CPR)
    Destination Clock Delay (DCD):    1.958ns
    Source Clock Delay      (SCD):    1.445ns
    Clock Pessimism Removal (CPR):    0.513ns

    Location             Delay type                Incr(ns)  Path(ns)    Netlist Resource(s)
  -------------------------------------------------------------------    -------------------
                         (clock sys_clk_pin rise edge)
                                                      0.000     0.000 r  
    W5                                                0.000     0.000 r  clk (IN)
                         net (fo=0)                   0.000     0.000    clk
    W5                   IBUF (Prop_ibuf_I_O)         0.226     0.226 r  clk_IBUF_inst/O
                         net (fo=1, routed)           0.631     0.858    clk_IBUF
    BUFGCTRL_X0Y1        BUFG (Prop_bufg_I_O)         0.026     0.884 r  clk_IBUF_BUFG_inst/O
                         net (fo=48, routed)          0.562     1.445    clock_modifier/clk_IBUF_BUFG
    SLICE_X35Y43         FDRE                                         r  clock_modifier/ring_reg[3]/C
  -------------------------------------------------------------------    -------------------
    SLICE_X35Y43         FDRE (Prop_fdre_C_Q)         0.141     1.586 r  clock_modifier/ring_reg[3]/Q
                         net (fo=1, routed)           0.108     1.694    clock_modifier/ring_reg_n_0_[3]
    SLICE_X35Y43         CARRY4 (Prop_carry4_S[3]_O[3])
                                                      0.108     1.802 r  clock_modifier/ring_reg[0]_i_1/O[3]
                         net (fo=1, routed)           0.000     1.802    clock_modifier/ring_reg[0]_i_1_n_4
    SLICE_X35Y43         FDRE                                         r  clock_modifier/ring_reg[3]/D
  -------------------------------------------------------------------    -------------------

                         (clock sys_clk_pin rise edge)
                                                      0.000     0.000 r  
    W5                                                0.000     0.000 r  clk (IN)
                         net (fo=0)                   0.000     0.000    clk
    W5                   IBUF (Prop_ibuf_I_O)         0.414     0.414 r  clk_IBUF_inst/O
                         net (fo=1, routed)           0.685     1.099    clk_IBUF
    BUFGCTRL_X0Y1        BUFG (Prop_bufg_I_O)         0.029     1.128 r  clk_IBUF_BUFG_inst/O
                         net (fo=48, routed)          0.831     1.958    clock_modifier/clk_IBUF_BUFG
    SLICE_X35Y43         FDRE                                         r  clock_modifier/ring_reg[3]/C
                         clock pessimism             -0.513     1.445    
    SLICE_X35Y43         FDRE (Hold_fdre_C_D)         0.105     1.550    clock_modifier/ring_reg[3]
  -------------------------------------------------------------------
                         required time                         -1.550    
                         arrival time                           1.802    
  -------------------------------------------------------------------
                         slack                                  0.252    

Slack (MET) :             0.252ns  (arrival time - required time)
  Source:                 clock_modifier/ring_reg[7]/C
                            (rising edge-triggered cell FDRE clocked by sys_clk_pin  {rise@0.000ns fall@5.000ns period=10.000ns})
  Destination:            clock_modifier/ring_reg[7]/D
                            (rising edge-triggered cell FDRE clocked by sys_clk_pin  {rise@0.000ns fall@5.000ns period=10.000ns})
  Path Group:             sys_clk_pin
  Path Type:              Hold (Min at Fast Process Corner)
  Requirement:            0.000ns  (sys_clk_pin rise@0.000ns - sys_clk_pin rise@0.000ns)
  Data Path Delay:        0.357ns  (logic 0.249ns (69.714%)  route 0.108ns (30.286%))
  Logic Levels:           1  (CARRY4=1)
  Clock Path Skew:        0.000ns (DCD - SCD - CPR)
    Destination Clock Delay (DCD):    1.958ns
    Source Clock Delay      (SCD):    1.445ns
    Clock Pessimism Removal (CPR):    0.513ns

    Location             Delay type                Incr(ns)  Path(ns)    Netlist Resource(s)
  -------------------------------------------------------------------    -------------------
                         (clock sys_clk_pin rise edge)
                                                      0.000     0.000 r  
    W5                                                0.000     0.000 r  clk (IN)
                         net (fo=0)                   0.000     0.000    clk
    W5                   IBUF (Prop_ibuf_I_O)         0.226     0.226 r  clk_IBUF_inst/O
                         net (fo=1, routed)           0.631     0.858    clk_IBUF
    BUFGCTRL_X0Y1        BUFG (Prop_bufg_I_O)         0.026     0.884 r  clk_IBUF_BUFG_inst/O
                         net (fo=48, routed)          0.562     1.445    clock_modifier/clk_IBUF_BUFG
    SLICE_X35Y44         FDRE                                         r  clock_modifier/ring_reg[7]/C
  -------------------------------------------------------------------    -------------------
    SLICE_X35Y44         FDRE (Prop_fdre_C_Q)         0.141     1.586 r  clock_modifier/ring_reg[7]/Q
                         net (fo=1, routed)           0.108     1.694    clock_modifier/ring_reg_n_0_[7]
    SLICE_X35Y44         CARRY4 (Prop_carry4_S[3]_O[3])
                                                      0.108     1.802 r  clock_modifier/ring_reg[4]_i_1/O[3]
                         net (fo=1, routed)           0.000     1.802    clock_modifier/ring_reg[4]_i_1_n_4
    SLICE_X35Y44         FDRE                                         r  clock_modifier/ring_reg[7]/D
  -------------------------------------------------------------------    -------------------

                         (clock sys_clk_pin rise edge)
                                                      0.000     0.000 r  
    W5                                                0.000     0.000 r  clk (IN)
                         net (fo=0)                   0.000     0.000    clk
    W5                   IBUF (Prop_ibuf_I_O)         0.414     0.414 r  clk_IBUF_inst/O
                         net (fo=1, routed)           0.685     1.099    clk_IBUF
    BUFGCTRL_X0Y1        BUFG (Prop_bufg_I_O)         0.029     1.128 r  clk_IBUF_BUFG_inst/O
                         net (fo=48, routed)          0.831     1.958    clock_modifier/clk_IBUF_BUFG
    SLICE_X35Y44         FDRE                                         r  clock_modifier/ring_reg[7]/C
                         clock pessimism             -0.513     1.445    
    SLICE_X35Y44         FDRE (Hold_fdre_C_D)         0.105     1.550    clock_modifier/ring_reg[7]
  -------------------------------------------------------------------
                         required time                         -1.550    
                         arrival time                           1.802    
  -------------------------------------------------------------------
                         slack                                  0.252    

Slack (MET) :             0.256ns  (arrival time - required time)
  Source:                 clock_modifier/ring_reg[12]/C
                            (rising edge-triggered cell FDRE clocked by sys_clk_pin  {rise@0.000ns fall@5.000ns period=10.000ns})
  Destination:            clock_modifier/ring_reg[12]/D
                            (rising edge-triggered cell FDRE clocked by sys_clk_pin  {rise@0.000ns fall@5.000ns period=10.000ns})
  Path Group:             sys_clk_pin
  Path Type:              Hold (Min at Fast Process Corner)
  Requirement:            0.000ns  (sys_clk_pin rise@0.000ns - sys_clk_pin rise@0.000ns)
  Data Path Delay:        0.361ns  (logic 0.256ns (70.880%)  route 0.105ns (29.120%))
  Logic Levels:           1  (CARRY4=1)
  Clock Path Skew:        0.000ns (DCD - SCD - CPR)
    Destination Clock Delay (DCD):    1.958ns
    Source Clock Delay      (SCD):    1.445ns
    Clock Pessimism Removal (CPR):    0.513ns

    Location             Delay type                Incr(ns)  Path(ns)    Netlist Resource(s)
  -------------------------------------------------------------------    -------------------
                         (clock sys_clk_pin rise edge)
                                                      0.000     0.000 r  
    W5                                                0.000     0.000 r  clk (IN)
                         net (fo=0)                   0.000     0.000    clk
    W5                   IBUF (Prop_ibuf_I_O)         0.226     0.226 r  clk_IBUF_inst/O
                         net (fo=1, routed)           0.631     0.858    clk_IBUF
    BUFGCTRL_X0Y1        BUFG (Prop_bufg_I_O)         0.026     0.884 r  clk_IBUF_BUFG_inst/O
                         net (fo=48, routed)          0.562     1.445    clock_modifier/clk_IBUF_BUFG
    SLICE_X35Y46         FDRE                                         r  clock_modifier/ring_reg[12]/C
  -------------------------------------------------------------------    -------------------
    SLICE_X35Y46         FDRE (Prop_fdre_C_Q)         0.141     1.586 r  clock_modifier/ring_reg[12]/Q
                         net (fo=1, routed)           0.105     1.691    clock_modifier/ring_reg_n_0_[12]
    SLICE_X35Y46         CARRY4 (Prop_carry4_S[0]_O[0])
                                                      0.115     1.806 r  clock_modifier/ring_reg[12]_i_1/O[0]
                         net (fo=1, routed)           0.000     1.806    clock_modifier/ring_reg[12]_i_1_n_7
    SLICE_X35Y46         FDRE                                         r  clock_modifier/ring_reg[12]/D
  -------------------------------------------------------------------    -------------------

                         (clock sys_clk_pin rise edge)
                                                      0.000     0.000 r  
    W5                                                0.000     0.000 r  clk (IN)
                         net (fo=0)                   0.000     0.000    clk
    W5                   IBUF (Prop_ibuf_I_O)         0.414     0.414 r  clk_IBUF_inst/O
                         net (fo=1, routed)           0.685     1.099    clk_IBUF
    BUFGCTRL_X0Y1        BUFG (Prop_bufg_I_O)         0.029     1.128 r  clk_IBUF_BUFG_inst/O
                         net (fo=48, routed)          0.831     1.958    clock_modifier/clk_IBUF_BUFG
    SLICE_X35Y46         FDRE                                         r  clock_modifier/ring_reg[12]/C
                         clock pessimism             -0.513     1.445    
    SLICE_X35Y46         FDRE (Hold_fdre_C_D)         0.105     1.550    clock_modifier/ring_reg[12]
  -------------------------------------------------------------------
                         required time                         -1.550    
                         arrival time                           1.806    
  -------------------------------------------------------------------
                         slack                                  0.256    

Slack (MET) :             0.256ns  (arrival time - required time)
  Source:                 clock_modifier/ring_reg[4]/C
                            (rising edge-triggered cell FDRE clocked by sys_clk_pin  {rise@0.000ns fall@5.000ns period=10.000ns})
  Destination:            clock_modifier/ring_reg[4]/D
                            (rising edge-triggered cell FDRE clocked by sys_clk_pin  {rise@0.000ns fall@5.000ns period=10.000ns})
  Path Group:             sys_clk_pin
  Path Type:              Hold (Min at Fast Process Corner)
  Requirement:            0.000ns  (sys_clk_pin rise@0.000ns - sys_clk_pin rise@0.000ns)
  Data Path Delay:        0.361ns  (logic 0.256ns (70.880%)  route 0.105ns (29.120%))
  Logic Levels:           1  (CARRY4=1)
  Clock Path Skew:        0.000ns (DCD - SCD - CPR)
    Destination Clock Delay (DCD):    1.958ns
    Source Clock Delay      (SCD):    1.445ns
    Clock Pessimism Removal (CPR):    0.513ns

    Location             Delay type                Incr(ns)  Path(ns)    Netlist Resource(s)
  -------------------------------------------------------------------    -------------------
                         (clock sys_clk_pin rise edge)
                                                      0.000     0.000 r  
    W5                                                0.000     0.000 r  clk (IN)
                         net (fo=0)                   0.000     0.000    clk
    W5                   IBUF (Prop_ibuf_I_O)         0.226     0.226 r  clk_IBUF_inst/O
                         net (fo=1, routed)           0.631     0.858    clk_IBUF
    BUFGCTRL_X0Y1        BUFG (Prop_bufg_I_O)         0.026     0.884 r  clk_IBUF_BUFG_inst/O
                         net (fo=48, routed)          0.562     1.445    clock_modifier/clk_IBUF_BUFG
    SLICE_X35Y44         FDRE                                         r  clock_modifier/ring_reg[4]/C
  -------------------------------------------------------------------    -------------------
    SLICE_X35Y44         FDRE (Prop_fdre_C_Q)         0.141     1.586 r  clock_modifier/ring_reg[4]/Q
                         net (fo=1, routed)           0.105     1.691    clock_modifier/ring_reg_n_0_[4]
    SLICE_X35Y44         CARRY4 (Prop_carry4_S[0]_O[0])
                                                      0.115     1.806 r  clock_modifier/ring_reg[4]_i_1/O[0]
                         net (fo=1, routed)           0.000     1.806    clock_modifier/ring_reg[4]_i_1_n_7
    SLICE_X35Y44         FDRE                                         r  clock_modifier/ring_reg[4]/D
  -------------------------------------------------------------------    -------------------

                         (clock sys_clk_pin rise edge)
                                                      0.000     0.000 r  
    W5                                                0.000     0.000 r  clk (IN)
                         net (fo=0)                   0.000     0.000    clk
    W5                   IBUF (Prop_ibuf_I_O)         0.414     0.414 r  clk_IBUF_inst/O
                         net (fo=1, routed)           0.685     1.099    clk_IBUF
    BUFGCTRL_X0Y1        BUFG (Prop_bufg_I_O)         0.029     1.128 r  clk_IBUF_BUFG_inst/O
                         net (fo=48, routed)          0.831     1.958    clock_modifier/clk_IBUF_BUFG
    SLICE_X35Y44         FDRE                                         r  clock_modifier/ring_reg[4]/C
                         clock pessimism             -0.513     1.445    
    SLICE_X35Y44         FDRE (Hold_fdre_C_D)         0.105     1.550    clock_modifier/ring_reg[4]
  -------------------------------------------------------------------
                         required time                         -1.550    
                         arrival time                           1.806    
  -------------------------------------------------------------------
                         slack                                  0.256    

Slack (MET) :             0.256ns  (arrival time - required time)
  Source:                 clock_modifier/ring_reg[8]/C
                            (rising edge-triggered cell FDRE clocked by sys_clk_pin  {rise@0.000ns fall@5.000ns period=10.000ns})
  Destination:            clock_modifier/ring_reg[8]/D
                            (rising edge-triggered cell FDRE clocked by sys_clk_pin  {rise@0.000ns fall@5.000ns period=10.000ns})
  Path Group:             sys_clk_pin
  Path Type:              Hold (Min at Fast Process Corner)
  Requirement:            0.000ns  (sys_clk_pin rise@0.000ns - sys_clk_pin rise@0.000ns)
  Data Path Delay:        0.361ns  (logic 0.256ns (70.880%)  route 0.105ns (29.120%))
  Logic Levels:           1  (CARRY4=1)
  Clock Path Skew:        0.000ns (DCD - SCD - CPR)
    Destination Clock Delay (DCD):    1.958ns
    Source Clock Delay      (SCD):    1.445ns
    Clock Pessimism Removal (CPR):    0.513ns

    Location             Delay type                Incr(ns)  Path(ns)    Netlist Resource(s)
  -------------------------------------------------------------------    -------------------
                         (clock sys_clk_pin rise edge)
                                                      0.000     0.000 r  
    W5                                                0.000     0.000 r  clk (IN)
                         net (fo=0)                   0.000     0.000    clk
    W5                   IBUF (Prop_ibuf_I_O)         0.226     0.226 r  clk_IBUF_inst/O
                         net (fo=1, routed)           0.631     0.858    clk_IBUF
    BUFGCTRL_X0Y1        BUFG (Prop_bufg_I_O)         0.026     0.884 r  clk_IBUF_BUFG_inst/O
                         net (fo=48, routed)          0.562     1.445    clock_modifier/clk_IBUF_BUFG
    SLICE_X35Y45         FDRE                                         r  clock_modifier/ring_reg[8]/C
  -------------------------------------------------------------------    -------------------
    SLICE_X35Y45         FDRE (Prop_fdre_C_Q)         0.141     1.586 r  clock_modifier/ring_reg[8]/Q
                         net (fo=1, routed)           0.105     1.691    clock_modifier/ring_reg_n_0_[8]
    SLICE_X35Y45         CARRY4 (Prop_carry4_S[0]_O[0])
                                                      0.115     1.806 r  clock_modifier/ring_reg[8]_i_1/O[0]
                         net (fo=1, routed)           0.000     1.806    clock_modifier/ring_reg[8]_i_1_n_7
    SLICE_X35Y45         FDRE                                         r  clock_modifier/ring_reg[8]/D
  -------------------------------------------------------------------    -------------------

                         (clock sys_clk_pin rise edge)
                                                      0.000     0.000 r  
    W5                                                0.000     0.000 r  clk (IN)
                         net (fo=0)                   0.000     0.000    clk
    W5                   IBUF (Prop_ibuf_I_O)         0.414     0.414 r  clk_IBUF_inst/O
                         net (fo=1, routed)           0.685     1.099    clk_IBUF
    BUFGCTRL_X0Y1        BUFG (Prop_bufg_I_O)         0.029     1.128 r  clk_IBUF_BUFG_inst/O
                         net (fo=48, routed)          0.831     1.958    clock_modifier/clk_IBUF_BUFG
    SLICE_X35Y45         FDRE                                         r  clock_modifier/ring_reg[8]/C
                         clock pessimism             -0.513     1.445    
    SLICE_X35Y45         FDRE (Hold_fdre_C_D)         0.105     1.550    clock_modifier/ring_reg[8]
  -------------------------------------------------------------------
                         required time                         -1.550    
                         arrival time                           1.806    
  -------------------------------------------------------------------
                         slack                                  0.256    

Slack (MET) :             0.256ns  (arrival time - required time)
  Source:                 clock_modifier/ring_reg[10]/C
                            (rising edge-triggered cell FDRE clocked by sys_clk_pin  {rise@0.000ns fall@5.000ns period=10.000ns})
  Destination:            clock_modifier/ring_reg[10]/D
                            (rising edge-triggered cell FDRE clocked by sys_clk_pin  {rise@0.000ns fall@5.000ns period=10.000ns})
  Path Group:             sys_clk_pin
  Path Type:              Hold (Min at Fast Process Corner)
  Requirement:            0.000ns  (sys_clk_pin rise@0.000ns - sys_clk_pin rise@0.000ns)
  Data Path Delay:        0.361ns  (logic 0.252ns (69.733%)  route 0.109ns (30.267%))
  Logic Levels:           1  (CARRY4=1)
  Clock Path Skew:        0.000ns (DCD - SCD - CPR)
    Destination Clock Delay (DCD):    1.958ns
    Source Clock Delay      (SCD):    1.445ns
    Clock Pessimism Removal (CPR):    0.513ns

    Location             Delay type                Incr(ns)  Path(ns)    Netlist Resource(s)
  -------------------------------------------------------------------    -------------------
                         (clock sys_clk_pin rise edge)
                                                      0.000     0.000 r  
    W5                                                0.000     0.000 r  clk (IN)
                         net (fo=0)                   0.000     0.000    clk
    W5                   IBUF (Prop_ibuf_I_O)         0.226     0.226 r  clk_IBUF_inst/O
                         net (fo=1, routed)           0.631     0.858    clk_IBUF
    BUFGCTRL_X0Y1        BUFG (Prop_bufg_I_O)         0.026     0.884 r  clk_IBUF_BUFG_inst/O
                         net (fo=48, routed)          0.562     1.445    clock_modifier/clk_IBUF_BUFG
    SLICE_X35Y45         FDRE                                         r  clock_modifier/ring_reg[10]/C
  -------------------------------------------------------------------    -------------------
    SLICE_X35Y45         FDRE (Prop_fdre_C_Q)         0.141     1.586 r  clock_modifier/ring_reg[10]/Q
                         net (fo=1, routed)           0.109     1.696    clock_modifier/ring_reg_n_0_[10]
    SLICE_X35Y45         CARRY4 (Prop_carry4_S[2]_O[2])
                                                      0.111     1.807 r  clock_modifier/ring_reg[8]_i_1/O[2]
                         net (fo=1, routed)           0.000     1.807    clock_modifier/ring_reg[8]_i_1_n_5
    SLICE_X35Y45         FDRE                                         r  clock_modifier/ring_reg[10]/D
  -------------------------------------------------------------------    -------------------

                         (clock sys_clk_pin rise edge)
                                                      0.000     0.000 r  
    W5                                                0.000     0.000 r  clk (IN)
                         net (fo=0)                   0.000     0.000    clk
    W5                   IBUF (Prop_ibuf_I_O)         0.414     0.414 r  clk_IBUF_inst/O
                         net (fo=1, routed)           0.685     1.099    clk_IBUF
    BUFGCTRL_X0Y1        BUFG (Prop_bufg_I_O)         0.029     1.128 r  clk_IBUF_BUFG_inst/O
                         net (fo=48, routed)          0.831     1.958    clock_modifier/clk_IBUF_BUFG
    SLICE_X35Y45         FDRE                                         r  clock_modifier/ring_reg[10]/C
                         clock pessimism             -0.513     1.445    
    SLICE_X35Y45         FDRE (Hold_fdre_C_D)         0.105     1.550    clock_modifier/ring_reg[10]
  -------------------------------------------------------------------
                         required time                         -1.550    
                         arrival time                           1.807    
  -------------------------------------------------------------------
                         slack                                  0.256    





Pulse Width Checks
--------------------------------------------------------------------------------------
Clock Name:         sys_clk_pin
Waveform(ns):       { 0.000 5.000 }
Period(ns):         10.000
Sources:            { clk }

Check Type        Corner  Lib Pin  Reference Pin  Required(ns)  Actual(ns)  Slack(ns)  Location       Pin
Min Period        n/a     BUFG/I   n/a            2.155         10.000      7.845      BUFGCTRL_X0Y1  clk_IBUF_BUFG_inst/I
Min Period        n/a     FDRE/C   n/a            1.000         10.000      9.000      SLICE_X35Y43   clock_modifier/ring_reg[0]/C
Min Period        n/a     FDRE/C   n/a            1.000         10.000      9.000      SLICE_X35Y45   clock_modifier/ring_reg[10]/C
Min Period        n/a     FDRE/C   n/a            1.000         10.000      9.000      SLICE_X35Y45   clock_modifier/ring_reg[11]/C
Min Period        n/a     FDRE/C   n/a            1.000         10.000      9.000      SLICE_X35Y46   clock_modifier/ring_reg[12]/C
Min Period        n/a     FDRE/C   n/a            1.000         10.000      9.000      SLICE_X35Y46   clock_modifier/ring_reg[13]/C
Min Period        n/a     FDRE/C   n/a            1.000         10.000      9.000      SLICE_X35Y46   clock_modifier/ring_reg[14]/C
Min Period        n/a     FDRE/C   n/a            1.000         10.000      9.000      SLICE_X35Y44   clock_modifier/ring_reg[5]/C
Min Period        n/a     FDRE/C   n/a            1.000         10.000      9.000      SLICE_X35Y44   clock_modifier/ring_reg[6]/C
Min Period        n/a     FDRE/C   n/a            1.000         10.000      9.000      SLICE_X35Y44   clock_modifier/ring_reg[7]/C
Low Pulse Width   Slow    FDRE/C   n/a            0.500         5.000       4.500      SLICE_X37Y43   ten_clock/count_reg[0]/C
Low Pulse Width   Slow    FDRE/C   n/a            0.500         5.000       4.500      SLICE_X36Y45   ten_clock/count_reg[10]/C
Low Pulse Width   Slow    FDRE/C   n/a            0.500         5.000       4.500      SLICE_X36Y45   ten_clock/count_reg[11]/C
Low Pulse Width   Slow    FDRE/C   n/a            0.500         5.000       4.500      SLICE_X36Y48   ten_clock/count_reg[21]/C
Low Pulse Width   Slow    FDRE/C   n/a            0.500         5.000       4.500      SLICE_X36Y48   ten_clock/count_reg[22]/C
Low Pulse Width   Slow    FDRE/C   n/a            0.500         5.000       4.500      SLICE_X36Y48   ten_clock/count_reg[23]/C
Low Pulse Width   Slow    FDRE/C   n/a            0.500         5.000       4.500      SLICE_X36Y48   ten_clock/count_reg[24]/C
Low Pulse Width   Slow    FDRE/C   n/a            0.500         5.000       4.500      SLICE_X36Y49   ten_clock/count_reg[25]/C
Low Pulse Width   Slow    FDRE/C   n/a            0.500         5.000       4.500      SLICE_X36Y49   ten_clock/count_reg[26]/C
Low Pulse Width   Slow    FDRE/C   n/a            0.500         5.000       4.500      SLICE_X36Y49   ten_clock/count_reg[27]/C
High Pulse Width  Slow    FDRE/C   n/a            0.500         5.000       4.500      SLICE_X36Y50   ten_clock/count_reg[29]/C
High Pulse Width  Slow    FDRE/C   n/a            0.500         5.000       4.500      SLICE_X36Y50   ten_clock/count_reg[30]/C
High Pulse Width  Slow    FDRE/C   n/a            0.500         5.000       4.500      SLICE_X36Y50   ten_clock/count_reg[31]/C
High Pulse Width  Fast    FDRE/C   n/a            0.500         5.000       4.500      SLICE_X35Y43   clock_modifier/ring_reg[0]/C
High Pulse Width  Fast    FDRE/C   n/a            0.500         5.000       4.500      SLICE_X35Y45   clock_modifier/ring_reg[10]/C
High Pulse Width  Fast    FDRE/C   n/a            0.500         5.000       4.500      SLICE_X35Y45   clock_modifier/ring_reg[11]/C
High Pulse Width  Fast    FDRE/C   n/a            0.500         5.000       4.500      SLICE_X35Y46   clock_modifier/ring_reg[12]/C
High Pulse Width  Fast    FDRE/C   n/a            0.500         5.000       4.500      SLICE_X35Y46   clock_modifier/ring_reg[13]/C
High Pulse Width  Fast    FDRE/C   n/a            0.500         5.000       4.500      SLICE_X35Y46   clock_modifier/ring_reg[14]/C
High Pulse Width  Fast    FDRE/C   n/a            0.500         5.000       4.500      SLICE_X35Y44   clock_modifier/ring_reg[5]/C



