INFO: [VRFC 10-163] Analyzing VHDL file "/home/kgopal/Downloads/lab8_elevator_control/lab8_elevator_control.srcs/sources_1/imports/Lab8/v_to_cathode_char.vhd" into library xil_defaultlib
INFO: [VRFC 10-307] analyzing entity v_to_cathode_char
INFO: [VRFC 10-163] Analyzing VHDL file "/home/kgopal/Downloads/lab8_elevator_control/lab8_elevator_control.srcs/sources_1/imports/Lab8/v_to_cathode_num.vhd" into library xil_defaultlib
INFO: [VRFC 10-307] analyzing entity v_to_cathode_num
INFO: [VRFC 10-163] Analyzing VHDL file "/home/kgopal/Downloads/lab8_elevator_control/lab8_elevator_control.srcs/sources_1/imports/Lab8/display.vhd" into library xil_defaultlib
INFO: [VRFC 10-307] analyzing entity display
INFO: [VRFC 10-163] Analyzing VHDL file "/home/kgopal/Downloads/lab8_elevator_control/lab8_elevator_control.srcs/sources_1/imports/Lab8/ringer.vhd" into library xil_defaultlib
INFO: [VRFC 10-307] analyzing entity ringer
INFO: [VRFC 10-163] Analyzing VHDL file "/home/kgopal/Downloads/lab8_elevator_control/lab8_elevator_control.srcs/sources_1/imports/Lab8/pulse1.vhd" into library xil_defaultlib
INFO: [VRFC 10-307] analyzing entity pulse1
INFO: [VRFC 10-163] Analyzing VHDL file "/home/kgopal/Downloads/lab8_elevator_control/lab8_elevator_control.srcs/sources_1/imports/Lab8/pulse.vhd" into library xil_defaultlib
INFO: [VRFC 10-307] analyzing entity pulse
INFO: [VRFC 10-163] Analyzing VHDL file "/home/kgopal/Downloads/lab8_elevator_control/lab8_elevator_control.srcs/sources_1/imports/Lab8/ten_clock.vhd" into library xil_defaultlib
INFO: [VRFC 10-307] analyzing entity ten_clock
INFO: [VRFC 10-163] Analyzing VHDL file "/home/kgopal/Downloads/lab8_elevator_control/lab8_elevator_control.srcs/sources_1/imports/Lab8/display_clock.vhd" into library xil_defaultlib
INFO: [VRFC 10-307] analyzing entity display_clock
INFO: [VRFC 10-163] Analyzing VHDL file "/home/kgopal/Downloads/lab8_elevator_control/lab8_elevator_control.srcs/sources_1/imports/Lab8/request_handler.vhd" into library xil_defaultlib
INFO: [VRFC 10-307] analyzing entity request_handler
INFO: [VRFC 10-163] Analyzing VHDL file "/home/kgopal/Downloads/lab8_elevator_control/lab8_elevator_control.srcs/sources_1/imports/Lab8/status_display_block.vhd" into library xil_defaultlib
INFO: [VRFC 10-307] analyzing entity status_display_block
INFO: [VRFC 10-163] Analyzing VHDL file "/home/kgopal/Downloads/lab8_elevator_control/lab8_elevator_control.srcs/sources_1/imports/Lab8/lift_controller.vhd" into library xil_defaultlib
INFO: [VRFC 10-307] analyzing entity lift_controller
INFO: [VRFC 10-163] Analyzing VHDL file "/home/kgopal/Downloads/lab8_elevator_control/lab8_elevator_control.srcs/sources_1/imports/Lab8/lab8_elevator_control.vhd" into library xil_defaultlib
INFO: [VRFC 10-307] analyzing entity lab8_elevator_control
